Flutter crash report.
Please report a bug at https://github.com/flutter/flutter/issues.

## command

flutter test

## exception

ProcessException: ProcessException: Une stratégie de contrôle d’application a bloqué ce fichier.

  Command: C:\Users\dridi\Downloads\flutter_windows_3.35.4-stable\flutter\bin\cache\artifacts\engine\windows-x64\impellerc.exe --sksl --runtime-stage-vulkan --iplr --sl=build\unit_test_assets\shaders/ink_sparkle.frag --spirv=build\unit_test_assets\shaders/ink_sparkle.frag.spirv --input=C:\Users\dridi\Downloads\flutter_windows_3.35.4-stable\flutter\packages\flutter\lib\src\material\shaders\ink_sparkle.frag --input-type=frag --include=C:\Users\dridi\Downloads\flutter_windows_3.35.4-stable\flutter\packages\flutter\lib\src\material\shaders --include=C:\Users\dridi\Downloads\flutter_windows_3.35.4-stable\flutter\bin\cache\artifacts\engine\windows-x64\shader_lib

```
#0      _ProcessImpl._start (dart:io-patch/process_patch.dart:421:33)
#1      Process.start (dart:io-patch/process_patch.dart:42:20)
#2      LocalProcessManager.start (package:process/src/interface/local_process_manager.dart:42:22)
#3      ErrorHandlingProcessManager.start.<anonymous closure> (package:flutter_tools/src/base/error_handling_io.dart:654:26)
#4      _run (package:flutter_tools/src/base/error_handling_io.dart:514:20)
#5      ErrorHandlingProcessManager.start (package:flutter_tools/src/base/error_handling_io.dart:652:12)
#6      ShaderCompiler.compileShader (package:flutter_tools/src/build_system/tools/shader_compiler.dart:188:60)
#7      writeBundle.<anonymous closure> (package:flutter_tools/src/bundle_builder.dart:214:46)
<asynchronous suspension>
#8      Future.wait.<anonymous closure> (dart:async/future.dart:525:21)
<asynchronous suspension>
#9      writeBundle (package:flutter_tools/src/bundle_builder.dart:177:3)
<asynchronous suspension>
#10     TestCommand._buildTestAsset (package:flutter_tools/src/commands/test.dart:777:7)
<asynchronous suspension>
#11     TestCommand.runCommand (package:flutter_tools/src/commands/test.dart:474:7)
<asynchronous suspension>
#12     FlutterCommand.run.<anonymous closure> (package:flutter_tools/src/runner/flutter_command.dart:1581:27)
<asynchronous suspension>
#13     AppContext.run.<anonymous closure> (package:flutter_tools/src/base/context.dart:154:19)
<asynchronous suspension>
#14     CommandRunner.runCommand (package:args/command_runner.dart:212:13)
<asynchronous suspension>
#15     FlutterCommandRunner.runCommand.<anonymous closure> (package:flutter_tools/src/runner/flutter_command_runner.dart:503:9)
<asynchronous suspension>
#16     AppContext.run.<anonymous closure> (package:flutter_tools/src/base/context.dart:154:19)
<asynchronous suspension>
#17     FlutterCommandRunner.runCommand (package:flutter_tools/src/runner/flutter_command_runner.dart:438:5)
<asynchronous suspension>
#18     run.<anonymous closure>.<anonymous closure> (package:flutter_tools/runner.dart:98:11)
<asynchronous suspension>
#19     AppContext.run.<anonymous closure> (package:flutter_tools/src/base/context.dart:154:19)
<asynchronous suspension>
#20     main (package:flutter_tools/executable.dart:101:3)
<asynchronous suspension>
```

## flutter doctor

```
[32m[✓][39m Flutter (Channel stable, 3.35.4, on Microsoft Windows [version 10.0.26200.6899], locale fr-FR)
    [408ms]
    [32m•[39m Flutter version 3.35.4 on channel stable at
      C:\Users\dridi\Downloads\flutter_windows_3.35.4-stable\flutter
    [32m•[39m Upstream repository https://github.com/flutter/flutter.git
    [32m•[39m Framework revision d693b4b9db (8 weeks ago), 2025-09-16 14:27:41 +0000
    [32m•[39m Engine revision c298091351
    [32m•[39m Dart version 3.9.2
    [32m•[39m DevTools version 2.48.0
    [32m•[39m Feature flags: enable-web, enable-linux-desktop, enable-macos-desktop,
      enable-windows-desktop, enable-android, enable-ios, cli-animations, enable-lldb-debugging

[32m[✓][39m Windows Version (Windows 11 or higher, 25H2, 2009) [1 855ms]

[33m[!][39m Android toolchain - develop for Android devices (Android SDK version 35.0.0) [375ms]
    [32m•[39m Android SDK at C:\Android\android-sdk
    [32m•[39m Emulator version unknown
    [31m✗[39m cmdline-tools component is missing.
      Try installing or updating Android Studio.
      Alternatively, download the tools from
      https://developer.android.com/studio#command-line-tools-only and make sure to set the
      ANDROID_HOME environment variable.
      See https://developer.android.com/studio/command-line for more details.
    [31m✗[39m Android license status unknown.
      Run `flutter doctor --android-licenses` to accept the SDK licenses.
      See https://flutter.dev/to/windows-android-setup for more details.

[32m[✓][39m Chrome - develop for the web [193ms]
    [32m•[39m Chrome at C:\Program Files\Google\Chrome\Application\chrome.exe

[32m[✓][39m Visual Studio - develop Windows apps (Visual Studio Community 2022 17.14.16) [192ms]
    [32m•[39m Visual Studio at C:\Program Files\Microsoft Visual Studio\2022\Community
    [32m•[39m Visual Studio Community 2022 version 17.14.36518.9
    [32m•[39m Windows 10 SDK version 10.0.26100.0

[32m[✓][39m Android Studio (version 2025.1.2) [14ms]
    [32m•[39m Android Studio at C:\Program Files\Android\Android Studio
    [32m•[39m Flutter plugin can be installed from:
      🔨 https://plugins.jetbrains.com/plugin/9212-flutter
    [32m•[39m Dart plugin can be installed from:
      🔨 https://plugins.jetbrains.com/plugin/6351-dart
    [32m•[39m Java version OpenJDK Runtime Environment (build 21.0.6+-13391695-b895.109)

[32m[✓][39m VS Code (version 1.105.1) [12ms]
    [32m•[39m VS Code at C:\Users\dridi\AppData\Local\Programs\Microsoft VS Code
    [32m•[39m Flutter extension version 3.122.0

[32m[✓][39m Connected device (3 available) [186ms]
    [32m•[39m Windows (desktop) • windows • windows-x64    • Microsoft Windows [version 10.0.26200.6899]
    [32m•[39m Chrome (web)      • chrome  • web-javascript • Google Chrome 142.0.7444.134
    [32m•[39m Edge (web)        • edge    • web-javascript • Microsoft Edge 140.0.3485.81

[32m[✓][39m Network resources [818ms]
    [32m•[39m All expected network resources are available.

[33m![39m Doctor found issues in 1 category.
```
